{
  "RSpec": {
    "coverage": {
      "/Users/will/Projects/JobApplications/Workshare/grapeApplication/spec/features/grape_features_spec.rb": [
        1,
        null,
        1,
        1,
        null,
        1,
        3,
        null,
        null,
        1,
        1,
        1,
        1,
        1,
        null,
        null,
        null,
        1,
        1,
        1,
        1,
        1,
        1,
        null,
        null,
        null,
        1,
        1,
        1,
        1,
        1,
        null,
        null,
        null,
        null
      ],
      "/Users/will/Projects/JobApplications/Workshare/grapeApplication/spec/features/web_feature_spec.rb": [
        1,
        1,
        null,
        1,
        null,
        null,
        null,
        null,
        1,
        null,
        1,
        1,
        1,
        null,
        null,
        null,
        1,
        1,
        1,
        1,
        1,
        1,
        null,
        null,
        1,
        1,
        1,
        1,
        1,
        1,
        null,
        null
      ],
      "/Users/will/Projects/JobApplications/Workshare/grapeApplication/spec/features/helpers/formhelper.rb": [
        1,
        2,
        2,
        2,
        2,
        2,
        2,
        2,
        null
      ]
    },
    "timestamp": 1509923755
  }
}
